<?xml version="1.0" encoding="UTF-8"?>
<!-- Generated by org.testng.reporters.JUnitReportReporter -->
<testsuite skipped="0" hostname="PMCLAP1279" name="myntratestpages.Logintestpage" tests="5" failures="0" timestamp="21 Jul 2020 09:44:31 GMT" time="106.188" errors="0">
  <testcase name="loginscreenimage" time="23.972" classname="myntratestpages.Logintestpage"/>
  <testcase name="login" time="35.256" classname="myntratestpages.Logintestpage"/>
  <testcase name="passwordreset" time="19.661" classname="myntratestpages.Logintestpage"/>
  <testcase name="loginlabel" time="14.026" classname="myntratestpages.Logintestpage"/>
  <testcase name="telcode" time="13.273" classname="myntratestpages.Logintestpage"/>
</testsuite> <!-- myntratestpages.Logintestpage -->
